10:46:29.834 [main] INFO  testCases.TC_001_CabPageTestClass - Starting test_redirect_to_cabs...
10:46:29.850 [main] INFO  testCases.TC_001_CabPageTestClass - Creating object for class CabBooking.java present in pageObject package...
10:46:29.980 [main] INFO  testCases.TC_001_CabPageTestClass - Clicking on the Cab page present in website...
10:46:33.657 [main] INFO  testCases.TC_001_CabPageTestClass - Checking if correct Cab page is opened or not by verifying web-page title...
10:46:33.667 [main] INFO  testCases.TC_001_CabPageTestClass - test_redirect_to_cabs successful...
10:46:33.739 [main] INFO  testCases.TC_001_CabPageTestClass - Starting test_cab_data_fill...
10:46:33.744 [main] INFO  testCases.TC_001_CabPageTestClass - Filling the cab data...
10:46:54.073 [main] INFO  testCases.TC_001_CabPageTestClass - test_cab_data_fill successful...
10:46:54.082 [main] INFO  testCases.TC_001_CabPageTestClass - Starting test_car_type_suv...
10:46:54.084 [main] INFO  testCases.TC_001_CabPageTestClass - Selecting the cab type as SUV...
10:47:00.569 [main] INFO  testCases.TC_001_CabPageTestClass - test_car_type_suv successful...
10:47:00.569 [main] INFO  testCases.TC_001_CabPageTestClass - Printing the lowest fare in console...
10:47:00.648 [main] INFO  testCases.TC_001_CabPageTestClass - Lowest fare is: Rs. ₹ 49,987
10:47:17.254 [main] INFO  testCases.TC_002_GiftCardTestClass - Starting test_gift_card_page...
10:47:17.261 [main] INFO  testCases.TC_002_GiftCardTestClass - Clicking on the Gift Card option present on the home page...
10:47:18.157 [main] INFO  testCases.TC_002_GiftCardTestClass - Validiting the test by checking the title of web page...
10:47:22.881 [main] INFO  testCases.TC_002_GiftCardTestClass - test_gift_card_page successful...
10:47:22.886 [main] INFO  testCases.TC_002_GiftCardTestClass - Starting test_remove_category...
10:47:22.888 [main] INFO  testCases.TC_002_GiftCardTestClass - Clearing all the categories...
10:47:23.249 [main] INFO  testCases.TC_002_GiftCardTestClass - Checking if the categories are cleared or not...
10:47:23.303 [main] INFO  testCases.TC_002_GiftCardTestClass - test_remove_category successful...
10:47:23.309 [main] INFO  testCases.TC_002_GiftCardTestClass - Starting test_select_gift_card...
10:47:24.811 [main] INFO  testCases.TC_002_GiftCardTestClass - Selecting gift cartd as Wedding Gift Card...
10:47:28.954 [main] INFO  testCases.TC_002_GiftCardTestClass - Verifying the gift card by checking the title...
10:47:28.955 [main] INFO  testCases.TC_002_GiftCardTestClass - test_select_gift_card successful...
10:47:28.961 [main] INFO  testCases.TC_002_GiftCardTestClass - Starting test_invalid_email...
10:47:28.962 [main] INFO  testCases.TC_002_GiftCardTestClass - Entering sender's data...
10:47:30.851 [main] INFO  testCases.TC_002_GiftCardTestClass - Clicking on Buy Now button...
10:47:31.265 [main] INFO  testCases.TC_002_GiftCardTestClass - Extracting error message...
10:47:31.403 [main] INFO  testCases.TC_002_GiftCardTestClass - Extracted error message: Please enter a valid Email id.
10:47:54.498 [main] INFO  testCases.TC_003_HotelPageTestClass - Starting test_hotel_page_functionality...
10:48:05.381 [main] INFO  testCases.TC_003_HotelPageTestClass - Page title has been verified...
10:48:05.382 [main] INFO  testCases.TC_003_HotelPageTestClass - test_hotel_page_functionality successful...
14:19:33.802 [main] INFO  testCases.TC_001_CabPageTestClass - Starting test_redirect_to_cabs...
14:19:33.819 [main] INFO  testCases.TC_001_CabPageTestClass - Creating object for class CabBooking.java present in pageObject package...
14:19:33.950 [main] INFO  testCases.TC_001_CabPageTestClass - Clicking on the Cab page present in website...
14:19:37.505 [main] INFO  testCases.TC_001_CabPageTestClass - Checking if correct Cab page is opened or not by verifying web-page title...
14:19:37.512 [main] INFO  testCases.TC_001_CabPageTestClass - test_redirect_to_cabs successful...
14:19:37.551 [main] INFO  testCases.TC_001_CabPageTestClass - Starting test_cab_data_fill...
14:19:37.553 [main] INFO  testCases.TC_001_CabPageTestClass - Filling the cab data...
14:19:52.749 [main] INFO  testCases.TC_001_CabPageTestClass - test_cab_data_fill successful...
14:19:52.754 [main] INFO  testCases.TC_001_CabPageTestClass - Starting test_car_type_suv...
14:19:52.756 [main] INFO  testCases.TC_001_CabPageTestClass - Selecting the cab type as SUV...
14:19:58.706 [main] INFO  testCases.TC_001_CabPageTestClass - test_car_type_suv successful...
14:19:58.707 [main] INFO  testCases.TC_001_CabPageTestClass - Printing the lowest fare in console...
14:19:58.777 [main] INFO  testCases.TC_001_CabPageTestClass - Lowest fare is: Rs. ₹ 49,987
14:20:11.708 [main] INFO  testCases.TC_002_GiftCardTestClass - Starting test_gift_card_page...
14:20:11.772 [main] INFO  testCases.TC_002_GiftCardTestClass - Clicking on the Gift Card option present on the home page...
14:20:12.581 [main] INFO  testCases.TC_002_GiftCardTestClass - Validiting the test by checking the title of web page...
14:20:15.193 [main] INFO  testCases.TC_002_GiftCardTestClass - test_gift_card_page successful...
14:20:15.199 [main] INFO  testCases.TC_002_GiftCardTestClass - Starting test_remove_category...
14:20:15.200 [main] INFO  testCases.TC_002_GiftCardTestClass - Clearing all the categories...
14:20:15.466 [main] INFO  testCases.TC_002_GiftCardTestClass - Checking if the categories are cleared or not...
14:20:15.529 [main] INFO  testCases.TC_002_GiftCardTestClass - test_remove_category successful...
14:20:15.536 [main] INFO  testCases.TC_002_GiftCardTestClass - Starting test_select_gift_card...
14:20:17.050 [main] INFO  testCases.TC_002_GiftCardTestClass - Selecting gift cartd as Wedding Gift Card...
14:20:20.393 [main] INFO  testCases.TC_002_GiftCardTestClass - Verifying the gift card by checking the title...
14:20:20.393 [main] INFO  testCases.TC_002_GiftCardTestClass - test_select_gift_card successful...
14:20:20.397 [main] INFO  testCases.TC_002_GiftCardTestClass - Starting test_invalid_email...
14:20:20.398 [main] INFO  testCases.TC_002_GiftCardTestClass - Entering sender's data...
14:20:21.719 [main] INFO  testCases.TC_002_GiftCardTestClass - Clicking on Buy Now button...
14:20:22.118 [main] INFO  testCases.TC_002_GiftCardTestClass - Extracting error message...
14:20:22.333 [main] INFO  testCases.TC_002_GiftCardTestClass - Extracted error message: Please enter a valid Email id.
14:20:36.945 [main] INFO  testCases.TC_003_HotelPageTestClass - Starting test_hotel_page_functionality...
14:20:48.026 [main] INFO  testCases.TC_003_HotelPageTestClass - Page title has been verified...
14:20:48.026 [main] INFO  testCases.TC_003_HotelPageTestClass - test_hotel_page_functionality successful...
