10:45:05.533 [main] INFO  testCases.TC_001_CabPageTestClass - Starting test_redirect_to_cabs...
10:45:05.548 [main] INFO  testCases.TC_001_CabPageTestClass - Creating object for class CabBooking.java present in pageObject package...
10:45:08.621 [main] INFO  testCases.TC_001_CabPageTestClass - Clicking on the Cab page present in website...
10:45:12.241 [main] INFO  testCases.TC_001_CabPageTestClass - Checking if correct Cab page is opened or not by verifying web-page title...
10:45:12.251 [main] INFO  testCases.TC_001_CabPageTestClass - test_redirect_to_cabs successful...
10:45:12.305 [main] INFO  testCases.TC_001_CabPageTestClass - Starting test_cab_data_fill...
10:45:12.310 [main] INFO  testCases.TC_001_CabPageTestClass - Filling the cab data...
10:45:26.363 [main] INFO  testCases.TC_001_CabPageTestClass - test_cab_data_fill successful...
10:45:26.367 [main] INFO  testCases.TC_001_CabPageTestClass - Starting test_car_type_suv...
10:45:26.369 [main] INFO  testCases.TC_001_CabPageTestClass - Selecting the cab type as SUV...
10:45:32.804 [main] INFO  testCases.TC_001_CabPageTestClass - test_car_type_suv successful...
10:45:32.804 [main] INFO  testCases.TC_001_CabPageTestClass - Printing the lowest fare in console...
10:45:51.114 [main] INFO  testCases.TC_002_GiftCardTestClass - Starting test_gift_card_page...
10:45:54.138 [main] INFO  testCases.TC_002_GiftCardTestClass - Clicking on the Gift Card option present on the home page...
10:45:54.483 [main] INFO  testCases.TC_002_GiftCardTestClass - Validiting the test by checking the title of web page...
10:45:57.450 [main] INFO  testCases.TC_002_GiftCardTestClass - test_gift_card_page successful...
10:45:57.454 [main] INFO  testCases.TC_002_GiftCardTestClass - Starting test_remove_category...
10:45:57.456 [main] INFO  testCases.TC_002_GiftCardTestClass - Clearing all the categories...
10:45:57.697 [main] INFO  testCases.TC_002_GiftCardTestClass - Checking if the categories are cleared or not...
10:45:57.759 [main] INFO  testCases.TC_002_GiftCardTestClass - test_remove_category successful...
10:45:57.762 [main] INFO  testCases.TC_002_GiftCardTestClass - Starting test_select_gift_card...
10:45:59.270 [main] INFO  testCases.TC_002_GiftCardTestClass - Selecting gift cartd as Wedding Gift Card...
10:46:02.861 [main] INFO  testCases.TC_002_GiftCardTestClass - Verifying the gift card by checking the title...
10:46:02.862 [main] INFO  testCases.TC_002_GiftCardTestClass - test_select_gift_card successful...
10:46:02.864 [main] INFO  testCases.TC_002_GiftCardTestClass - Starting test_invalid_email...
10:46:02.865 [main] INFO  testCases.TC_002_GiftCardTestClass - Entering sender's data...
10:46:05.189 [main] INFO  testCases.TC_002_GiftCardTestClass - Clicking on Buy Now button...
10:46:05.772 [main] INFO  testCases.TC_002_GiftCardTestClass - Extracting error message...
