09:26:03.102 [main] INFO  testCases.TC_001_CabPageTestClass - Starting test_redirect_to_cabs...
09:26:03.120 [main] INFO  testCases.TC_001_CabPageTestClass - Creating object for class CabBooking.java present in pageObject package...
09:26:06.313 [main] INFO  testCases.TC_001_CabPageTestClass - Clicking on the Cab page present in website...
09:26:09.816 [main] INFO  testCases.TC_001_CabPageTestClass - Checking if correct Cab page is opened or not by verifying web-page title...
09:26:09.823 [main] INFO  testCases.TC_001_CabPageTestClass - test_redirect_to_cabs successful...
09:26:09.887 [main] INFO  testCases.TC_001_CabPageTestClass - Starting test_cab_data_fill...
09:26:09.890 [main] INFO  testCases.TC_001_CabPageTestClass - Filling the cab data...
09:26:27.185 [main] INFO  testCases.TC_001_CabPageTestClass - test_cab_data_fill successful...
09:26:27.198 [main] INFO  testCases.TC_001_CabPageTestClass - Starting test_car_type_suv...
09:26:27.201 [main] INFO  testCases.TC_001_CabPageTestClass - Selecting the cab type as SUV...
09:26:33.130 [main] INFO  testCases.TC_001_CabPageTestClass - test_car_type_suv successful...
09:26:33.130 [main] INFO  testCases.TC_001_CabPageTestClass - Printing the lowest fare in console...
09:26:50.741 [main] INFO  testCases.TC_002_GiftCardTestClass - Starting test_gift_card_page...
09:26:53.795 [main] INFO  testCases.TC_002_GiftCardTestClass - Clicking on the Gift Card option present on the home page...
09:26:54.177 [main] INFO  testCases.TC_002_GiftCardTestClass - Validiting the test by checking the title of web page...
09:26:57.356 [main] INFO  testCases.TC_002_GiftCardTestClass - test_gift_card_page successful...
09:26:57.361 [main] INFO  testCases.TC_002_GiftCardTestClass - Starting test_remove_category...
09:26:57.362 [main] INFO  testCases.TC_002_GiftCardTestClass - Clearing all the categories...
09:26:57.684 [main] INFO  testCases.TC_002_GiftCardTestClass - Checking if the categories are cleared or not...
09:26:57.788 [main] INFO  testCases.TC_002_GiftCardTestClass - test_remove_category successful...
09:26:57.794 [main] INFO  testCases.TC_002_GiftCardTestClass - Starting test_select_gift_card...
09:26:59.306 [main] INFO  testCases.TC_002_GiftCardTestClass - Selecting gift cartd as Wedding Gift Card...
09:27:02.218 [main] INFO  testCases.TC_002_GiftCardTestClass - Verifying the gift card by checking the title...
09:27:02.219 [main] INFO  testCases.TC_002_GiftCardTestClass - test_select_gift_card successful...
09:27:02.224 [main] INFO  testCases.TC_002_GiftCardTestClass - Starting test_invalid_email...
09:27:02.226 [main] INFO  testCases.TC_002_GiftCardTestClass - Entering sender's data...
09:27:03.746 [main] INFO  testCases.TC_002_GiftCardTestClass - Clicking on Buy Now button...
09:27:04.259 [main] INFO  testCases.TC_002_GiftCardTestClass - Extracting error message...
09:29:27.114 [main] INFO  testCases.TC_001_CabPageTestClass - Starting test_redirect_to_cabs...
09:29:27.132 [main] INFO  testCases.TC_001_CabPageTestClass - Creating object for class CabBooking.java present in pageObject package...
09:29:30.238 [main] INFO  testCases.TC_001_CabPageTestClass - Clicking on the Cab page present in website...
09:29:33.793 [main] INFO  testCases.TC_001_CabPageTestClass - Checking if correct Cab page is opened or not by verifying web-page title...
09:29:33.800 [main] INFO  testCases.TC_001_CabPageTestClass - test_redirect_to_cabs successful...
09:29:33.858 [main] INFO  testCases.TC_001_CabPageTestClass - Starting test_cab_data_fill...
09:29:33.862 [main] INFO  testCases.TC_001_CabPageTestClass - Filling the cab data...
09:29:49.248 [main] INFO  testCases.TC_001_CabPageTestClass - test_cab_data_fill successful...
09:29:49.256 [main] INFO  testCases.TC_001_CabPageTestClass - Starting test_car_type_suv...
09:29:49.258 [main] INFO  testCases.TC_001_CabPageTestClass - Selecting the cab type as SUV...
09:29:57.858 [main] INFO  testCases.TC_001_CabPageTestClass - test_car_type_suv successful...
09:29:57.859 [main] INFO  testCases.TC_001_CabPageTestClass - Printing the lowest fare in console...
09:30:16.304 [main] INFO  testCases.TC_002_GiftCardTestClass - Starting test_gift_card_page...
09:30:19.322 [main] INFO  testCases.TC_002_GiftCardTestClass - Clicking on the Gift Card option present on the home page...
09:30:19.750 [main] INFO  testCases.TC_002_GiftCardTestClass - Validiting the test by checking the title of web page...
09:30:22.308 [main] INFO  testCases.TC_002_GiftCardTestClass - test_gift_card_page successful...
09:30:22.314 [main] INFO  testCases.TC_002_GiftCardTestClass - Starting test_remove_category...
09:30:22.316 [main] INFO  testCases.TC_002_GiftCardTestClass - Clearing all the categories...
09:30:22.555 [main] INFO  testCases.TC_002_GiftCardTestClass - Checking if the categories are cleared or not...
09:30:22.620 [main] INFO  testCases.TC_002_GiftCardTestClass - test_remove_category successful...
09:30:22.626 [main] INFO  testCases.TC_002_GiftCardTestClass - Starting test_select_gift_card...
09:30:24.141 [main] INFO  testCases.TC_002_GiftCardTestClass - Selecting gift cartd as Wedding Gift Card...
09:30:27.215 [main] INFO  testCases.TC_002_GiftCardTestClass - Verifying the gift card by checking the title...
09:30:27.216 [main] INFO  testCases.TC_002_GiftCardTestClass - test_select_gift_card successful...
09:30:27.223 [main] INFO  testCases.TC_002_GiftCardTestClass - Starting test_invalid_email...
09:30:27.224 [main] INFO  testCases.TC_002_GiftCardTestClass - Entering sender's data...
09:30:29.254 [main] INFO  testCases.TC_002_GiftCardTestClass - Clicking on Buy Now button...
09:30:29.694 [main] INFO  testCases.TC_002_GiftCardTestClass - Extracting error message...
09:30:29.884 [main] INFO  testCases.TC_002_GiftCardTestClass - Please enter a valid Email id.
09:32:01.216 [main] INFO  testCases.TC_001_CabPageTestClass - Starting test_redirect_to_cabs...
09:32:01.229 [main] INFO  testCases.TC_001_CabPageTestClass - Creating object for class CabBooking.java present in pageObject package...
09:32:04.357 [main] INFO  testCases.TC_001_CabPageTestClass - Clicking on the Cab page present in website...
09:32:08.441 [main] INFO  testCases.TC_001_CabPageTestClass - Checking if correct Cab page is opened or not by verifying web-page title...
09:32:08.449 [main] INFO  testCases.TC_001_CabPageTestClass - test_redirect_to_cabs successful...
09:32:08.531 [main] INFO  testCases.TC_001_CabPageTestClass - Starting test_cab_data_fill...
09:32:08.535 [main] INFO  testCases.TC_001_CabPageTestClass - Filling the cab data...
09:32:25.888 [main] INFO  testCases.TC_001_CabPageTestClass - test_cab_data_fill successful...
09:32:25.899 [main] INFO  testCases.TC_001_CabPageTestClass - Starting test_car_type_suv...
09:32:25.901 [main] INFO  testCases.TC_001_CabPageTestClass - Selecting the cab type as SUV...
09:32:31.295 [main] INFO  testCases.TC_001_CabPageTestClass - test_car_type_suv successful...
09:32:31.295 [main] INFO  testCases.TC_001_CabPageTestClass - Printing the lowest fare in console...
09:32:47.391 [main] INFO  testCases.TC_002_GiftCardTestClass - Starting test_gift_card_page...
09:32:50.425 [main] INFO  testCases.TC_002_GiftCardTestClass - Clicking on the Gift Card option present on the home page...
09:32:51.495 [main] INFO  testCases.TC_002_GiftCardTestClass - Validiting the test by checking the title of web page...
09:32:54.200 [main] INFO  testCases.TC_002_GiftCardTestClass - test_gift_card_page successful...
09:32:54.206 [main] INFO  testCases.TC_002_GiftCardTestClass - Starting test_remove_category...
09:32:54.207 [main] INFO  testCases.TC_002_GiftCardTestClass - Clearing all the categories...
09:32:54.607 [main] INFO  testCases.TC_002_GiftCardTestClass - Checking if the categories are cleared or not...
09:32:54.686 [main] INFO  testCases.TC_002_GiftCardTestClass - test_remove_category successful...
09:32:54.692 [main] INFO  testCases.TC_002_GiftCardTestClass - Starting test_select_gift_card...
09:32:56.203 [main] INFO  testCases.TC_002_GiftCardTestClass - Selecting gift cartd as Wedding Gift Card...
09:32:59.369 [main] INFO  testCases.TC_002_GiftCardTestClass - Verifying the gift card by checking the title...
09:32:59.370 [main] INFO  testCases.TC_002_GiftCardTestClass - test_select_gift_card successful...
09:32:59.374 [main] INFO  testCases.TC_002_GiftCardTestClass - Starting test_invalid_email...
09:32:59.376 [main] INFO  testCases.TC_002_GiftCardTestClass - Entering sender's data...
09:33:01.235 [main] INFO  testCases.TC_002_GiftCardTestClass - Clicking on Buy Now button...
09:33:01.575 [main] INFO  testCases.TC_002_GiftCardTestClass - Extracting error message...
09:33:01.632 [main] INFO  testCases.TC_002_GiftCardTestClass - Please enter a valid Email id.
10:14:10.442 [main] INFO  testCases.TC_001_CabPageTestClass - Starting test_redirect_to_cabs...
10:14:10.456 [main] INFO  testCases.TC_001_CabPageTestClass - Creating object for class CabBooking.java present in pageObject package...
10:14:13.587 [main] INFO  testCases.TC_001_CabPageTestClass - Clicking on the Cab page present in website...
10:14:17.326 [main] INFO  testCases.TC_001_CabPageTestClass - Checking if correct Cab page is opened or not by verifying web-page title...
10:14:17.347 [main] INFO  testCases.TC_001_CabPageTestClass - test_redirect_to_cabs successful...
10:14:17.429 [main] INFO  testCases.TC_001_CabPageTestClass - Starting test_cab_data_fill...
10:14:17.433 [main] INFO  testCases.TC_001_CabPageTestClass - Filling the cab data...
10:14:34.618 [main] INFO  testCases.TC_001_CabPageTestClass - test_cab_data_fill successful...
10:14:34.625 [main] INFO  testCases.TC_001_CabPageTestClass - Starting test_car_type_suv...
10:14:34.626 [main] INFO  testCases.TC_001_CabPageTestClass - Selecting the cab type as SUV...
10:14:40.345 [main] INFO  testCases.TC_001_CabPageTestClass - test_car_type_suv successful...
10:14:40.345 [main] INFO  testCases.TC_001_CabPageTestClass - Printing the lowest fare in console...
10:14:40.422 [main] INFO  testCases.TC_001_CabPageTestClass - Lowest fare is: Rs. ₹ 51,979
10:15:00.174 [main] INFO  testCases.TC_002_GiftCardTestClass - Starting test_gift_card_page...
10:15:03.189 [main] INFO  testCases.TC_002_GiftCardTestClass - Clicking on the Gift Card option present on the home page...
10:15:04.645 [main] INFO  testCases.TC_002_GiftCardTestClass - test_gift_card_page failed...
10:15:05.788 [main] INFO  testCases.TC_002_GiftCardTestClass - Starting test_remove_category...
10:15:05.789 [main] INFO  testCases.TC_002_GiftCardTestClass - Clearing all the categories...
10:16:18.146 [main] INFO  testCases.TC_001_CabPageTestClass - Starting test_redirect_to_cabs...
10:16:18.159 [main] INFO  testCases.TC_001_CabPageTestClass - Creating object for class CabBooking.java present in pageObject package...
10:16:21.371 [main] INFO  testCases.TC_001_CabPageTestClass - Clicking on the Cab page present in website...
10:16:25.086 [main] INFO  testCases.TC_001_CabPageTestClass - Checking if correct Cab page is opened or not by verifying web-page title...
10:16:25.094 [main] INFO  testCases.TC_001_CabPageTestClass - test_redirect_to_cabs successful...
10:16:25.176 [main] INFO  testCases.TC_001_CabPageTestClass - Starting test_cab_data_fill...
10:16:25.179 [main] INFO  testCases.TC_001_CabPageTestClass - Filling the cab data...
10:16:42.905 [main] INFO  testCases.TC_001_CabPageTestClass - test_cab_data_fill successful...
10:16:42.913 [main] INFO  testCases.TC_001_CabPageTestClass - Starting test_car_type_suv...
10:16:42.916 [main] INFO  testCases.TC_001_CabPageTestClass - Selecting the cab type as SUV...
10:16:48.530 [main] INFO  testCases.TC_001_CabPageTestClass - test_car_type_suv successful...
10:16:48.530 [main] INFO  testCases.TC_001_CabPageTestClass - Printing the lowest fare in console...
10:16:48.631 [main] INFO  testCases.TC_001_CabPageTestClass - Lowest fare is: Rs. ₹ 51,979
10:17:06.958 [main] INFO  testCases.TC_002_GiftCardTestClass - Starting test_gift_card_page...
10:17:09.991 [main] INFO  testCases.TC_002_GiftCardTestClass - Clicking on the Gift Card option present on the home page...
10:17:10.784 [main] INFO  testCases.TC_002_GiftCardTestClass - Validiting the test by checking the title of web page...
10:17:15.359 [main] INFO  testCases.TC_002_GiftCardTestClass - test_gift_card_page successful...
10:17:15.365 [main] INFO  testCases.TC_002_GiftCardTestClass - Starting test_remove_category...
10:17:15.366 [main] INFO  testCases.TC_002_GiftCardTestClass - Clearing all the categories...
10:17:15.802 [main] INFO  testCases.TC_002_GiftCardTestClass - Checking if the categories are cleared or not...
10:17:15.913 [main] INFO  testCases.TC_002_GiftCardTestClass - test_remove_category successful...
10:17:15.918 [main] INFO  testCases.TC_002_GiftCardTestClass - Starting test_select_gift_card...
10:17:17.424 [main] INFO  testCases.TC_002_GiftCardTestClass - Selecting gift cartd as Wedding Gift Card...
10:17:20.322 [main] INFO  testCases.TC_002_GiftCardTestClass - Verifying the gift card by checking the title...
10:17:20.323 [main] INFO  testCases.TC_002_GiftCardTestClass - test_select_gift_card successful...
10:17:20.329 [main] INFO  testCases.TC_002_GiftCardTestClass - Starting test_invalid_email...
10:17:20.330 [main] INFO  testCases.TC_002_GiftCardTestClass - Entering sender's data...
10:17:21.964 [main] INFO  testCases.TC_002_GiftCardTestClass - Clicking on Buy Now button...
10:17:22.534 [main] INFO  testCases.TC_002_GiftCardTestClass - Extracting error message...
10:17:22.672 [main] INFO  testCases.TC_002_GiftCardTestClass - Extracted error message: Please enter a valid Email id.
10:24:08.295 [main] INFO  testCases.TC_001_CabPageTestClass - Starting test_redirect_to_cabs...
10:24:08.328 [main] INFO  testCases.TC_001_CabPageTestClass - Creating object for class CabBooking.java present in pageObject package...
10:24:11.438 [main] INFO  testCases.TC_001_CabPageTestClass - Clicking on the Cab page present in website...
10:24:16.027 [main] INFO  testCases.TC_001_CabPageTestClass - Checking if correct Cab page is opened or not by verifying web-page title...
10:24:16.034 [main] INFO  testCases.TC_001_CabPageTestClass - test_redirect_to_cabs successful...
10:24:16.094 [main] INFO  testCases.TC_001_CabPageTestClass - Starting test_cab_data_fill...
10:24:16.098 [main] INFO  testCases.TC_001_CabPageTestClass - Filling the cab data...
10:24:32.878 [main] INFO  testCases.TC_001_CabPageTestClass - test_cab_data_fill successful...
10:24:32.885 [main] INFO  testCases.TC_001_CabPageTestClass - Starting test_car_type_suv...
10:24:32.888 [main] INFO  testCases.TC_001_CabPageTestClass - Selecting the cab type as SUV...
10:24:39.007 [main] INFO  testCases.TC_001_CabPageTestClass - test_car_type_suv successful...
10:24:39.007 [main] INFO  testCases.TC_001_CabPageTestClass - Printing the lowest fare in console...
10:24:39.093 [main] INFO  testCases.TC_001_CabPageTestClass - Lowest fare is: Rs. ₹ 51,979
10:24:55.591 [main] INFO  testCases.TC_002_GiftCardTestClass - Starting test_gift_card_page...
10:24:58.710 [main] INFO  testCases.TC_002_GiftCardTestClass - Clicking on the Gift Card option present on the home page...
10:25:00.672 [main] INFO  testCases.TC_002_GiftCardTestClass - Validiting the test by checking the title of web page...
10:25:04.284 [main] INFO  testCases.TC_002_GiftCardTestClass - test_gift_card_page successful...
10:25:04.290 [main] INFO  testCases.TC_002_GiftCardTestClass - Starting test_remove_category...
10:25:04.291 [main] INFO  testCases.TC_002_GiftCardTestClass - Clearing all the categories...
10:25:04.569 [main] INFO  testCases.TC_002_GiftCardTestClass - Checking if the categories are cleared or not...
10:25:04.639 [main] INFO  testCases.TC_002_GiftCardTestClass - test_remove_category successful...
10:25:04.644 [main] INFO  testCases.TC_002_GiftCardTestClass - Starting test_select_gift_card...
10:25:06.157 [main] INFO  testCases.TC_002_GiftCardTestClass - Selecting gift cartd as Wedding Gift Card...
10:25:09.827 [main] INFO  testCases.TC_002_GiftCardTestClass - Verifying the gift card by checking the title...
10:25:09.827 [main] INFO  testCases.TC_002_GiftCardTestClass - test_select_gift_card successful...
10:25:09.833 [main] INFO  testCases.TC_002_GiftCardTestClass - Starting test_invalid_email...
10:25:09.834 [main] INFO  testCases.TC_002_GiftCardTestClass - Entering sender's data...
10:25:11.890 [main] INFO  testCases.TC_002_GiftCardTestClass - Clicking on Buy Now button...
10:25:12.542 [main] INFO  testCases.TC_002_GiftCardTestClass - Extracting error message...
10:25:12.868 [main] INFO  testCases.TC_002_GiftCardTestClass - Extracted error message: Please enter a valid Email id.
10:26:04.378 [main] INFO  testCases.TC_001_CabPageTestClass - Starting test_redirect_to_cabs...
10:26:04.379 [main] INFO  testCases.TC_001_CabPageTestClass - Creating object for class CabBooking.java present in pageObject package...
10:26:07.394 [main] INFO  testCases.TC_001_CabPageTestClass - Clicking on the Cab page present in website...
10:26:11.531 [main] INFO  testCases.TC_001_CabPageTestClass - Checking if correct Cab page is opened or not by verifying web-page title...
10:26:11.531 [main] INFO  testCases.TC_001_CabPageTestClass - test_redirect_to_cabs successful...
10:26:11.538 [main] INFO  testCases.TC_001_CabPageTestClass - Starting test_cab_data_fill...
10:26:11.542 [main] INFO  testCases.TC_001_CabPageTestClass - Filling the cab data...
10:26:32.668 [main] INFO  testCases.TC_001_CabPageTestClass - test_cab_data_fill successful...
10:26:32.673 [main] INFO  testCases.TC_001_CabPageTestClass - Starting test_car_type_suv...
10:26:32.674 [main] INFO  testCases.TC_001_CabPageTestClass - Selecting the cab type as SUV...
10:26:36.347 [main] INFO  testCases.TC_001_CabPageTestClass - test_car_type_suv successful...
10:26:36.347 [main] INFO  testCases.TC_001_CabPageTestClass - Printing the lowest fare in console...
10:26:36.520 [main] INFO  testCases.TC_001_CabPageTestClass - Lowest fare is: Rs. ₹ 51,979
10:27:00.432 [main] INFO  testCases.TC_002_GiftCardTestClass - Starting test_gift_card_page...
10:27:03.452 [main] INFO  testCases.TC_002_GiftCardTestClass - Clicking on the Gift Card option present on the home page...
10:27:04.862 [main] INFO  testCases.TC_002_GiftCardTestClass - Validiting the test by checking the title of web page...
10:27:08.191 [main] INFO  testCases.TC_002_GiftCardTestClass - test_gift_card_page successful...
10:27:08.197 [main] INFO  testCases.TC_002_GiftCardTestClass - Starting test_remove_category...
10:27:08.199 [main] INFO  testCases.TC_002_GiftCardTestClass - Clearing all the categories...
10:27:08.579 [main] INFO  testCases.TC_002_GiftCardTestClass - Checking if the categories are cleared or not...
10:27:08.718 [main] INFO  testCases.TC_002_GiftCardTestClass - test_remove_category successful...
10:27:08.749 [main] INFO  testCases.TC_002_GiftCardTestClass - Starting test_select_gift_card...
10:27:10.266 [main] INFO  testCases.TC_002_GiftCardTestClass - Selecting gift cartd as Wedding Gift Card...
10:27:13.357 [main] INFO  testCases.TC_002_GiftCardTestClass - Verifying the gift card by checking the title...
10:27:13.357 [main] INFO  testCases.TC_002_GiftCardTestClass - test_select_gift_card successful...
10:27:13.362 [main] INFO  testCases.TC_002_GiftCardTestClass - Starting test_invalid_email...
10:27:13.363 [main] INFO  testCases.TC_002_GiftCardTestClass - Entering sender's data...
10:27:15.313 [main] INFO  testCases.TC_002_GiftCardTestClass - Clicking on Buy Now button...
10:27:15.800 [main] INFO  testCases.TC_002_GiftCardTestClass - Extracting error message...
10:27:16.028 [main] INFO  testCases.TC_002_GiftCardTestClass - Extracted error message: Please enter a valid Email id.
10:30:49.368 [main] INFO  testCases.TC_001_CabPageTestClass - Starting test_redirect_to_cabs...
10:30:49.380 [main] INFO  testCases.TC_001_CabPageTestClass - Creating object for class CabBooking.java present in pageObject package...
10:30:52.563 [main] INFO  testCases.TC_001_CabPageTestClass - Clicking on the Cab page present in website...
10:30:57.112 [main] INFO  testCases.TC_001_CabPageTestClass - Checking if correct Cab page is opened or not by verifying web-page title...
10:30:57.123 [main] INFO  testCases.TC_001_CabPageTestClass - test_redirect_to_cabs successful...
10:30:57.176 [main] INFO  testCases.TC_001_CabPageTestClass - Starting test_cab_data_fill...
10:30:57.180 [main] INFO  testCases.TC_001_CabPageTestClass - Filling the cab data...
10:31:13.644 [main] INFO  testCases.TC_001_CabPageTestClass - test_cab_data_fill successful...
10:31:13.649 [main] INFO  testCases.TC_001_CabPageTestClass - Starting test_car_type_suv...
10:31:13.651 [main] INFO  testCases.TC_001_CabPageTestClass - Selecting the cab type as SUV...
10:31:19.754 [main] INFO  testCases.TC_001_CabPageTestClass - test_car_type_suv successful...
10:31:19.755 [main] INFO  testCases.TC_001_CabPageTestClass - Printing the lowest fare in console...
10:31:19.880 [main] INFO  testCases.TC_001_CabPageTestClass - Lowest fare is: Rs. ? 51,979
10:31:36.872 [main] INFO  testCases.TC_002_GiftCardTestClass - Starting test_gift_card_page...
10:31:39.936 [main] INFO  testCases.TC_002_GiftCardTestClass - Clicking on the Gift Card option present on the home page...
10:31:40.377 [main] INFO  testCases.TC_002_GiftCardTestClass - Validiting the test by checking the title of web page...
10:31:43.727 [main] INFO  testCases.TC_002_GiftCardTestClass - test_gift_card_page successful...
10:31:43.731 [main] INFO  testCases.TC_002_GiftCardTestClass - Starting test_remove_category...
10:31:43.732 [main] INFO  testCases.TC_002_GiftCardTestClass - Clearing all the categories...
10:31:43.987 [main] INFO  testCases.TC_002_GiftCardTestClass - Checking if the categories are cleared or not...
10:31:44.066 [main] INFO  testCases.TC_002_GiftCardTestClass - test_remove_category successful...
10:31:44.070 [main] INFO  testCases.TC_002_GiftCardTestClass - Starting test_select_gift_card...
10:31:45.575 [main] INFO  testCases.TC_002_GiftCardTestClass - Selecting gift cartd as Wedding Gift Card...
10:31:49.675 [main] INFO  testCases.TC_002_GiftCardTestClass - Verifying the gift card by checking the title...
10:31:49.676 [main] INFO  testCases.TC_002_GiftCardTestClass - test_select_gift_card successful...
10:31:49.683 [main] INFO  testCases.TC_002_GiftCardTestClass - Starting test_invalid_email...
10:31:49.684 [main] INFO  testCases.TC_002_GiftCardTestClass - Entering sender's data...
10:31:51.495 [main] INFO  testCases.TC_002_GiftCardTestClass - Clicking on Buy Now button...
10:31:51.998 [main] INFO  testCases.TC_002_GiftCardTestClass - Extracting error message...
10:31:52.145 [main] INFO  testCases.TC_002_GiftCardTestClass - Extracted error message: Please enter a valid Email id.
14:37:26.765 [main] INFO  testCases.TC_001_CabPageTestClass - Starting test_redirect_to_cabs...
14:37:26.779 [main] INFO  testCases.TC_001_CabPageTestClass - Creating object for class CabBooking.java present in pageObject package...
14:37:29.935 [main] INFO  testCases.TC_001_CabPageTestClass - Clicking on the Cab page present in website...
14:37:33.377 [main] INFO  testCases.TC_001_CabPageTestClass - Checking if correct Cab page is opened or not by verifying web-page title...
14:37:33.383 [main] INFO  testCases.TC_001_CabPageTestClass - test_redirect_to_cabs successful...
14:37:33.437 [main] INFO  testCases.TC_001_CabPageTestClass - Starting test_cab_data_fill...
14:37:33.440 [main] INFO  testCases.TC_001_CabPageTestClass - Filling the cab data...
14:37:47.949 [main] INFO  testCases.TC_001_CabPageTestClass - test_cab_data_fill successful...
14:37:47.954 [main] INFO  testCases.TC_001_CabPageTestClass - Starting test_car_type_suv...
14:37:47.958 [main] INFO  testCases.TC_001_CabPageTestClass - Selecting the cab type as SUV...
14:37:52.826 [main] INFO  testCases.TC_001_CabPageTestClass - test_car_type_suv successful...
14:37:52.826 [main] INFO  testCases.TC_001_CabPageTestClass - Printing the lowest fare in console...
14:37:52.884 [main] INFO  testCases.TC_001_CabPageTestClass - Lowest fare is: Rs. ₹ 51,979
14:38:07.620 [main] INFO  testCases.TC_002_GiftCardTestClass - Starting test_gift_card_page...
14:38:10.757 [main] INFO  testCases.TC_002_GiftCardTestClass - Clicking on the Gift Card option present on the home page...
14:38:12.698 [main] INFO  testCases.TC_002_GiftCardTestClass - Validiting the test by checking the title of web page...
14:38:15.726 [main] INFO  testCases.TC_002_GiftCardTestClass - test_gift_card_page successful...
14:38:15.731 [main] INFO  testCases.TC_002_GiftCardTestClass - Starting test_remove_category...
14:38:15.733 [main] INFO  testCases.TC_002_GiftCardTestClass - Clearing all the categories...
14:38:15.997 [main] INFO  testCases.TC_002_GiftCardTestClass - Checking if the categories are cleared or not...
14:38:16.068 [main] INFO  testCases.TC_002_GiftCardTestClass - test_remove_category successful...
14:38:16.074 [main] INFO  testCases.TC_002_GiftCardTestClass - Starting test_select_gift_card...
14:38:17.582 [main] INFO  testCases.TC_002_GiftCardTestClass - Selecting gift cartd as Wedding Gift Card...
14:38:20.207 [main] INFO  testCases.TC_002_GiftCardTestClass - Verifying the gift card by checking the title...
14:38:20.207 [main] INFO  testCases.TC_002_GiftCardTestClass - test_select_gift_card successful...
14:38:20.211 [main] INFO  testCases.TC_002_GiftCardTestClass - Starting test_invalid_email...
14:38:20.212 [main] INFO  testCases.TC_002_GiftCardTestClass - Entering sender's data...
14:38:21.494 [main] INFO  testCases.TC_002_GiftCardTestClass - Clicking on Buy Now button...
14:38:21.787 [main] INFO  testCases.TC_002_GiftCardTestClass - Extracting error message...
14:38:21.864 [main] INFO  testCases.TC_002_GiftCardTestClass - Extracted error message: Please enter a valid Email id.
14:53:11.545 [main] INFO  testCases.TC_001_CabPageTestClass - Starting test_redirect_to_cabs...
14:53:11.560 [main] INFO  testCases.TC_001_CabPageTestClass - Creating object for class CabBooking.java present in pageObject package...
