10:23:10.724 [main] INFO  testCases.TC_001_CabPageTestClass - Starting test_redirect_to_cabs...
10:23:10.744 [main] INFO  testCases.TC_001_CabPageTestClass - Creating object for class CabBooking.java present in pageObject package...
10:23:13.947 [main] INFO  testCases.TC_001_CabPageTestClass - Clicking on the Cab page present in website...
10:23:17.890 [main] INFO  testCases.TC_001_CabPageTestClass - Checking if correct Cab page is opened or not by verifying web-page title...
10:23:17.900 [main] INFO  testCases.TC_001_CabPageTestClass - test_redirect_to_cabs successful...
10:23:17.962 [main] INFO  testCases.TC_001_CabPageTestClass - Starting test_cab_data_fill...
10:23:17.967 [main] INFO  testCases.TC_001_CabPageTestClass - Filling the cab data...
10:23:39.571 [main] INFO  testCases.TC_001_CabPageTestClass - test_cab_data_fill successful...
10:23:39.580 [main] INFO  testCases.TC_001_CabPageTestClass - Starting test_car_type_suv...
10:23:39.581 [main] INFO  testCases.TC_001_CabPageTestClass - Selecting the cab type as SUV...
10:23:44.931 [main] INFO  testCases.TC_001_CabPageTestClass - test_car_type_suv successful...
10:23:44.932 [main] INFO  testCases.TC_001_CabPageTestClass - Printing the lowest fare in console...
10:24:01.072 [main] INFO  testCases.TC_002_GiftCardTestClass - Starting test_gift_card_page...
10:24:04.167 [main] INFO  testCases.TC_002_GiftCardTestClass - Clicking on the Gift Card option present on the home page...
10:24:04.598 [main] INFO  testCases.TC_002_GiftCardTestClass - Validiting the test by checking the title of web page...
10:24:07.187 [main] INFO  testCases.TC_002_GiftCardTestClass - test_gift_card_page successful...
10:24:07.193 [main] INFO  testCases.TC_002_GiftCardTestClass - Starting test_remove_category...
10:24:07.194 [main] INFO  testCases.TC_002_GiftCardTestClass - Clearing all the categories...
10:24:07.421 [main] INFO  testCases.TC_002_GiftCardTestClass - Checking if the categories are cleared or not...
10:24:07.479 [main] INFO  testCases.TC_002_GiftCardTestClass - test_remove_category successful...
10:24:07.485 [main] INFO  testCases.TC_002_GiftCardTestClass - Starting test_select_gift_card...
10:24:09.004 [main] INFO  testCases.TC_002_GiftCardTestClass - Selecting gift cartd as Wedding Gift Card...
10:24:12.989 [main] INFO  testCases.TC_002_GiftCardTestClass - Verifying the gift card by checking the title...
10:24:12.990 [main] INFO  testCases.TC_002_GiftCardTestClass - test_select_gift_card successful...
10:24:12.995 [main] INFO  testCases.TC_002_GiftCardTestClass - Starting test_invalid_email...
10:24:12.997 [main] INFO  testCases.TC_002_GiftCardTestClass - Entering sender's data...
10:24:15.022 [main] INFO  testCases.TC_002_GiftCardTestClass - Clicking on Buy Now button...
10:24:15.549 [main] INFO  testCases.TC_002_GiftCardTestClass - Extracting error message...
10:33:03.476 [main] INFO  testCases.TC_001_CabPageTestClass - Starting test_redirect_to_cabs...
10:33:03.497 [main] INFO  testCases.TC_001_CabPageTestClass - Creating object for class CabBooking.java present in pageObject package...
10:33:06.623 [main] INFO  testCases.TC_001_CabPageTestClass - Clicking on the Cab page present in website...
10:33:10.571 [main] INFO  testCases.TC_001_CabPageTestClass - Checking if correct Cab page is opened or not by verifying web-page title...
10:33:10.581 [main] INFO  testCases.TC_001_CabPageTestClass - test_redirect_to_cabs successful...
10:33:10.636 [main] INFO  testCases.TC_001_CabPageTestClass - Starting test_cab_data_fill...
10:33:10.641 [main] INFO  testCases.TC_001_CabPageTestClass - Filling the cab data...
10:33:33.099 [main] INFO  testCases.TC_001_CabPageTestClass - test_cab_data_fill successful...
10:33:33.104 [main] INFO  testCases.TC_001_CabPageTestClass - Starting test_car_type_suv...
10:33:33.107 [main] INFO  testCases.TC_001_CabPageTestClass - Selecting the cab type as SUV...
10:33:37.888 [main] INFO  testCases.TC_001_CabPageTestClass - test_car_type_suv successful...
10:33:37.889 [main] INFO  testCases.TC_001_CabPageTestClass - Printing the lowest fare in console...
10:33:55.919 [main] INFO  testCases.TC_002_GiftCardTestClass - Starting test_gift_card_page...
10:33:58.941 [main] INFO  testCases.TC_002_GiftCardTestClass - Clicking on the Gift Card option present on the home page...
10:33:59.592 [main] INFO  testCases.TC_002_GiftCardTestClass - Validiting the test by checking the title of web page...
10:34:02.695 [main] INFO  testCases.TC_002_GiftCardTestClass - test_gift_card_page successful...
10:34:02.700 [main] INFO  testCases.TC_002_GiftCardTestClass - Starting test_remove_category...
10:34:02.702 [main] INFO  testCases.TC_002_GiftCardTestClass - Clearing all the categories...
10:34:02.998 [main] INFO  testCases.TC_002_GiftCardTestClass - Checking if the categories are cleared or not...
10:34:03.073 [main] INFO  testCases.TC_002_GiftCardTestClass - test_remove_category successful...
10:34:03.079 [main] INFO  testCases.TC_002_GiftCardTestClass - Starting test_select_gift_card...
10:34:04.591 [main] INFO  testCases.TC_002_GiftCardTestClass - Selecting gift cartd as Wedding Gift Card...
10:34:07.326 [main] INFO  testCases.TC_002_GiftCardTestClass - Verifying the gift card by checking the title...
10:34:07.327 [main] INFO  testCases.TC_002_GiftCardTestClass - test_select_gift_card successful...
10:34:07.332 [main] INFO  testCases.TC_002_GiftCardTestClass - Starting test_invalid_email...
10:34:07.334 [main] INFO  testCases.TC_002_GiftCardTestClass - Entering sender's data...
10:34:09.408 [main] INFO  testCases.TC_002_GiftCardTestClass - Clicking on Buy Now button...
10:34:10.034 [main] INFO  testCases.TC_002_GiftCardTestClass - Extracting error message...
